  2.cpp
D:\APC\!Lab\Lab2\2\2\2.cpp(16,14): warning C4309: инициализация: усечение константного значения
D:\APC\!Lab\Lab2\2\2\2.cpp(28,11): error C2143: синтаксическая ошибка: отсутствие ";" перед "*"
D:\APC\!Lab\Lab2\2\2\2.cpp(28,13): error C2065: screen: необъявленный идентификатор
D:\APC\!Lab\Lab2\2\2\2.cpp(28,29): error C2146: синтаксическая ошибка: отсутствие ")" перед идентификатором "far"
D:\APC\!Lab\Lab2\2\2\2.cpp(28,33): error C2059: синтаксическая ошибка: )
D:\APC\!Lab\Lab2\2\2\2.cpp(28,34): error C3861: MK_FP: идентификатор не найден
D:\APC\!Lab\Lab2\2\2\2.cpp(28,32): error C2676: бинарный "*": "VIDEO" не определяет этот оператор или преобразование к типу приемлемо к встроенному оператору
D:\APC\!Lab\Lab2\2\2\2.cpp(30,8): error C3861: inp: идентификатор не найден
D:\APC\!Lab\Lab2\2\2\2.cpp(35,3): error C2065: screen: необъявленный идентификатор
D:\APC\!Lab\Lab2\2\2\2.cpp(36,3): error C2065: screen: необъявленный идентификатор
D:\APC\!Lab\Lab2\2\2\2.cpp(37,3): error C2065: screen: необъявленный идентификатор
D:\APC\!Lab\Lab2\2\2\2.cpp(39,2): error C2065: screen: необъявленный идентификатор
D:\APC\!Lab\Lab2\2\2\2.cpp(41,8): error C3861: inp: идентификатор не найден
D:\APC\!Lab\Lab2\2\2\2.cpp(46,3): error C2065: screen: необъявленный идентификатор
D:\APC\!Lab\Lab2\2\2\2.cpp(47,3): error C2065: screen: необъявленный идентификатор
D:\APC\!Lab\Lab2\2\2\2.cpp(48,3): error C2065: screen: необъявленный идентификатор
D:\APC\!Lab\Lab2\2\2\2.cpp(50,2): error C2065: screen: необъявленный идентификатор
D:\APC\!Lab\Lab2\2\2\2.cpp(51,2): error C3861: outp: идентификатор не найден
D:\APC\!Lab\Lab2\2\2\2.cpp(53,8): error C3861: inp: идентификатор не найден
D:\APC\!Lab\Lab2\2\2\2.cpp(58,3): error C2065: screen: необъявленный идентификатор
D:\APC\!Lab\Lab2\2\2\2.cpp(59,3): error C2065: screen: необъявленный идентификатор
D:\APC\!Lab\Lab2\2\2\2.cpp(60,3): error C2065: screen: необъявленный идентификатор
D:\APC\!Lab\Lab2\2\2\2.cpp(62,2): error C2065: screen: необъявленный идентификатор
D:\APC\!Lab\Lab2\2\2\2.cpp(64,2): error C3861: outp: идентификатор не найден
D:\APC\!Lab\Lab2\2\2\2.cpp(65,8): error C3861: inp: идентификатор не найден
D:\APC\!Lab\Lab2\2\2\2.cpp(70,3): error C2065: screen: необъявленный идентификатор
D:\APC\!Lab\Lab2\2\2\2.cpp(71,3): error C2065: screen: необъявленный идентификатор
D:\APC\!Lab\Lab2\2\2\2.cpp(72,3): error C2065: screen: необъявленный идентификатор
D:\APC\!Lab\Lab2\2\2\2.cpp(74,2): error C2065: screen: необъявленный идентификатор
D:\APC\!Lab\Lab2\2\2\2.cpp(76,2): error C3861: outp: идентификатор не найден
D:\APC\!Lab\Lab2\2\2\2.cpp(77,8): error C3861: inp: идентификатор не найден
D:\APC\!Lab\Lab2\2\2\2.cpp(82,3): error C2065: screen: необъявленный идентификатор
D:\APC\!Lab\Lab2\2\2\2.cpp(83,3): error C2065: screen: необъявленный идентификатор
D:\APC\!Lab\Lab2\2\2\2.cpp(84,3): error C2065: screen: необъявленный идентификатор
D:\APC\!Lab\Lab2\2\2\2.cpp(86,2): error C2065: screen: необъявленный идентификатор
D:\APC\!Lab\Lab2\2\2\2.cpp(88,2): error C3861: outp: идентификатор не найден
D:\APC\!Lab\Lab2\2\2\2.cpp(89,8): error C3861: inp: идентификатор не найден
D:\APC\!Lab\Lab2\2\2\2.cpp(94,3): error C2065: screen: необъявленный идентификатор
D:\APC\!Lab\Lab2\2\2\2.cpp(95,3): error C2065: screen: необъявленный идентификатор
D:\APC\!Lab\Lab2\2\2\2.cpp(96,3): error C2065: screen: необъявленный идентификатор
D:\APC\!Lab\Lab2\2\2\2.cpp(102,6): error C2182: "interrupt": недопустимое использование "void"
D:\APC\!Lab\Lab2\2\2\2.cpp(102,17): error C2065: oldint8: необъявленный идентификатор
D:\APC\!Lab\Lab2\2\2\2.cpp(102,26): error C2143: синтаксическая ошибка: отсутствие ";" перед "("
D:\APC\!Lab\Lab2\2\2\2.cpp(102,30): error C2059: синтаксическая ошибка: )
D:\APC\!Lab\Lab2\2\2\2.cpp(102,31): error C2059: синтаксическая ошибка: ;
D:\APC\!Lab\Lab2\2\2\2.cpp(103,6): error C2182: "interrupt": недопустимое использование "void"
D:\APC\!Lab\Lab2\2\2\2.cpp(103,6): error C2374: interrupt: переопределение; множественная инициализация
  D:\APC\!Lab\Lab2\2\2\2.cpp(102,6):
   см. объявление "interrupt"
  
D:\APC\!Lab\Lab2\2\2\2.cpp(103,17): error C2065: oldint9: необъявленный идентификатор
D:\APC\!Lab\Lab2\2\2\2.cpp(103,26): error C2143: синтаксическая ошибка: отсутствие ";" перед "("
D:\APC\!Lab\Lab2\2\2\2.cpp(103,30): error C2059: синтаксическая ошибка: )
D:\APC\!Lab\Lab2\2\2\2.cpp(103,31): error C2059: синтаксическая ошибка: ;
D:\APC\!Lab\Lab2\2\2\2.cpp(104,6): error C2182: "interrupt": недопустимое использование "void"
D:\APC\!Lab\Lab2\2\2\2.cpp(104,6): error C2374: interrupt: переопределение; множественная инициализация
  D:\APC\!Lab\Lab2\2\2\2.cpp(102,6):
   см. объявление "interrupt"
  
D:\APC\!Lab\Lab2\2\2\2.cpp(104,17): error C2065: oldint10: необъявленный идентификатор
D:\APC\!Lab\Lab2\2\2\2.cpp(104,27): error C2143: синтаксическая ошибка: отсутствие ";" перед "("
D:\APC\!Lab\Lab2\2\2\2.cpp(104,31): error C2059: синтаксическая ошибка: )
D:\APC\!Lab\Lab2\2\2\2.cpp(104,32): error C2059: синтаксическая ошибка: ;
D:\APC\!Lab\Lab2\2\2\2.cpp(105,6): error C2182: "interrupt": недопустимое использование "void"
D:\APC\!Lab\Lab2\2\2\2.cpp(105,6): error C2374: interrupt: переопределение; множественная инициализация
  D:\APC\!Lab\Lab2\2\2\2.cpp(102,6):
   см. объявление "interrupt"
  
D:\APC\!Lab\Lab2\2\2\2.cpp(105,17): error C2065: oldint11: необъявленный идентификатор
D:\APC\!Lab\Lab2\2\2\2.cpp(105,27): error C2143: синтаксическая ошибка: отсутствие ";" перед "("
D:\APC\!Lab\Lab2\2\2\2.cpp(105,31): error C2059: синтаксическая ошибка: )
D:\APC\!Lab\Lab2\2\2\2.cpp(105,32): error C2059: синтаксическая ошибка: ;
D:\APC\!Lab\Lab2\2\2\2.cpp(106,6): error C2182: "interrupt": недопустимое использование "void"
D:\APC\!Lab\Lab2\2\2\2.cpp(106,6): error C2374: interrupt: переопределение; множественная инициализация
  D:\APC\!Lab\Lab2\2\2\2.cpp(102,6):
   см. объявление "interrupt"
  
D:\APC\!Lab\Lab2\2\2\2.cpp(106,17): error C2065: oldint12: необъявленный идентификатор
D:\APC\!Lab\Lab2\2\2\2.cpp(106,27): error C2143: синтаксическая ошибка: отсутствие ";" перед "("
D:\APC\!Lab\Lab2\2\2\2.cpp(106,31): error C2059: синтаксическая ошибка: )
D:\APC\!Lab\Lab2\2\2\2.cpp(106,32): error C2059: синтаксическая ошибка: ;
D:\APC\!Lab\Lab2\2\2\2.cpp(107,6): error C2182: "interrupt": недопустимое использование "void"
D:\APC\!Lab\Lab2\2\2\2.cpp(107,6): error C2374: interrupt: переопределение; множественная инициализация
  D:\APC\!Lab\Lab2\2\2\2.cpp(102,6):
   см. объявление "interrupt"
  
D:\APC\!Lab\Lab2\2\2\2.cpp(107,17): error C2065: oldint13: необъявленный идентификатор
D:\APC\!Lab\Lab2\2\2\2.cpp(107,27): error C2143: синтаксическая ошибка: отсутствие ";" перед "("
D:\APC\!Lab\Lab2\2\2\2.cpp(107,31): error C2059: синтаксическая ошибка: )
D:\APC\!Lab\Lab2\2\2\2.cpp(107,32): error C2059: синтаксическая ошибка: ;
D:\APC\!Lab\Lab2\2\2\2.cpp(108,6): error C2182: "interrupt": недопустимое использование "void"
D:\APC\!Lab\Lab2\2\2\2.cpp(108,6): error C2374: interrupt: переопределение; множественная инициализация
  D:\APC\!Lab\Lab2\2\2\2.cpp(102,6):
   см. объявление "interrupt"
  
D:\APC\!Lab\Lab2\2\2\2.cpp(108,17): error C2065: oldint14: необъявленный идентификатор
D:\APC\!Lab\Lab2\2\2\2.cpp(108,27): error C2143: синтаксическая ошибка: отсутствие ";" перед "("
D:\APC\!Lab\Lab2\2\2\2.cpp(108,31): error C2059: синтаксическая ошибка: )
D:\APC\!Lab\Lab2\2\2\2.cpp(108,32): error C2059: синтаксическая ошибка: ;
D:\APC\!Lab\Lab2\2\2\2.cpp(109,6): error C2182: "interrupt": недопустимое использование "void"
D:\APC\!Lab\Lab2\2\2\2.cpp(109,6): error C2374: interrupt: переопределение; множественная инициализация
  D:\APC\!Lab\Lab2\2\2\2.cpp(102,6):
   см. объявление "interrupt"
  
D:\APC\!Lab\Lab2\2\2\2.cpp(109,17): error C2065: oldint15: необъявленный идентификатор
D:\APC\!Lab\Lab2\2\2\2.cpp(109,27): error C2143: синтаксическая ошибка: отсутствие ";" перед "("
D:\APC\!Lab\Lab2\2\2\2.cpp(109,31): error C2059: синтаксическая ошибка: )
D:\APC\!Lab\Lab2\2\2\2.cpp(109,32): error C2059: синтаксическая ошибка: ;
D:\APC\!Lab\Lab2\2\2\2.cpp(113,6): error C2182: "interrupt": недопустимое использование "void"
D:\APC\!Lab\Lab2\2\2\2.cpp(113,6): error C2374: interrupt: переопределение; множественная инициализация
  D:\APC\!Lab\Lab2\2\2\2.cpp(102,6):
   см. объявление "interrupt"
  
D:\APC\!Lab\Lab2\2\2\2.cpp(113,17): error C2065: oldint70: необъявленный идентификатор
D:\APC\!Lab\Lab2\2\2\2.cpp(113,27): error C2143: синтаксическая ошибка: отсутствие ";" перед "("
D:\APC\!Lab\Lab2\2\2\2.cpp(113,31): error C2059: синтаксическая ошибка: )
D:\APC\!Lab\Lab2\2\2\2.cpp(113,32): error C2059: синтаксическая ошибка: ;
D:\APC\!Lab\Lab2\2\2\2.cpp(114,6): error C2182: "interrupt": недопустимое использование "void"
D:\APC\!Lab\Lab2\2\2\2.cpp(114,6): error C2374: interrupt: переопределение; множественная инициализация
  D:\APC\!Lab\Lab2\2\2\2.cpp(102,6):
   см. объявление "interrupt"
  
D:\APC\!Lab\Lab2\2\2\2.cpp(114,17): error C2065: oldint71: необъявленный идентификатор
D:\APC\!Lab\Lab2\2\2\2.cpp(114,27): error C2143: синтаксическая ошибка: отсутствие ";" перед "("
D:\APC\!Lab\Lab2\2\2\2.cpp(114,31): error C2059: синтаксическая ошибка: )
D:\APC\!Lab\Lab2\2\2\2.cpp(114,32): error C2059: синтаксическая ошибка: ;
D:\APC\!Lab\Lab2\2\2\2.cpp(115,6): error C2182: "interrupt": недопустимое использование "void"
D:\APC\!Lab\Lab2\2\2\2.cpp(115,6): error C2374: interrupt: переопределение; множественная инициализация
  D:\APC\!Lab\Lab2\2\2\2.cpp(102,6):
   см. объявление "interrupt"
  
D:\APC\!Lab\Lab2\2\2\2.cpp(115,17): error C2065: oldint72: необъявленный идентификатор
D:\APC\!Lab\Lab2\2\2\2.cpp(115,17): error C1003: число ошибок превышает 100; остановка компиляции
