  2.cpp
D:\APC\!Lab\Lab2\2\2\2.cpp(27,3): error C4235: использовано нестандартное расширение: ключевое слово "__asm" данной архитектурой не поддерживается
D:\APC\!Lab\Lab2\2\2\2.cpp(29,4): error C2065: push: необъявленный идентификатор
D:\APC\!Lab\Lab2\2\2\2.cpp(29,9): error C2146: синтаксическая ошибка: отсутствие ";" перед идентификатором "esi"
D:\APC\!Lab\Lab2\2\2\2.cpp(29,9): error C2065: esi: необъявленный идентификатор
D:\APC\!Lab\Lab2\2\2\2.cpp(30,4): error C2146: синтаксическая ошибка: отсутствие ";" перед идентификатором "push"
D:\APC\!Lab\Lab2\2\2\2.cpp(30,4): error C2065: push: необъявленный идентификатор
D:\APC\!Lab\Lab2\2\2\2.cpp(30,9): error C2146: синтаксическая ошибка: отсутствие ";" перед идентификатором "edi"
D:\APC\!Lab\Lab2\2\2\2.cpp(30,9): error C2065: edi: необъявленный идентификатор
D:\APC\!Lab\Lab2\2\2\2.cpp(31,4): error C2146: синтаксическая ошибка: отсутствие ";" перед идентификатором "mov"
D:\APC\!Lab\Lab2\2\2\2.cpp(31,4): error C2065: mov: необъявленный идентификатор
D:\APC\!Lab\Lab2\2\2\2.cpp(31,8): error C2146: синтаксическая ошибка: отсутствие ";" перед идентификатором "ecx"
D:\APC\!Lab\Lab2\2\2\2.cpp(31,8): error C2065: ecx: необъявленный идентификатор
D:\APC\!Lab\Lab2\2\2\2.cpp(32,4): error C2760: синтаксическая ошибка: непредвиденный элемент "lea". Ожидается "{"
D:\APC\!Lab\Lab2\2\2\2.cpp(32,8): error C2065: esi: необъявленный идентификатор
D:\APC\!Lab\Lab2\2\2\2.cpp(32,18): error C2760: синтаксическая ошибка: непредвиденный элемент "+". Ожидается ","
D:\APC\!Lab\Lab2\2\2\2.cpp(32,20): error C2065: ecx: необъявленный идентификатор
D:\APC\!Lab\Lab2\2\2\2.cpp(32,27): error C2059: синтаксическая ошибка: ]
D:\APC\!Lab\Lab2\2\2\2.cpp(53,3): error C4235: использовано нестандартное расширение: ключевое слово "__asm" данной архитектурой не поддерживается
D:\APC\!Lab\Lab2\2\2\2.cpp(55,4): error C2065: push: необъявленный идентификатор
D:\APC\!Lab\Lab2\2\2\2.cpp(55,9): error C2146: синтаксическая ошибка: отсутствие ";" перед идентификатором "eax"
D:\APC\!Lab\Lab2\2\2\2.cpp(55,9): error C2065: eax: необъявленный идентификатор
D:\APC\!Lab\Lab2\2\2\2.cpp(56,4): error C2146: синтаксическая ошибка: отсутствие ";" перед идентификатором "push"
D:\APC\!Lab\Lab2\2\2\2.cpp(56,4): error C2065: push: необъявленный идентификатор
D:\APC\!Lab\Lab2\2\2\2.cpp(56,9): error C2146: синтаксическая ошибка: отсутствие ";" перед идентификатором "ecx"
D:\APC\!Lab\Lab2\2\2\2.cpp(56,9): error C2065: ecx: необъявленный идентификатор
D:\APC\!Lab\Lab2\2\2\2.cpp(57,4): error C2146: синтаксическая ошибка: отсутствие ";" перед идентификатором "push"
D:\APC\!Lab\Lab2\2\2\2.cpp(57,4): error C2065: push: необъявленный идентификатор
D:\APC\!Lab\Lab2\2\2\2.cpp(57,9): error C2146: синтаксическая ошибка: отсутствие ";" перед идентификатором "esi"
D:\APC\!Lab\Lab2\2\2\2.cpp(57,9): error C2065: esi: необъявленный идентификатор
D:\APC\!Lab\Lab2\2\2\2.cpp(58,8): error C2065: esi: необъявленный идентификатор
D:\APC\!Lab\Lab2\2\2\2.cpp(58,13): error C2065: esi: необъявленный идентификатор
D:\APC\!Lab\Lab2\2\2\2.cpp(59,8): error C2065: ecx: необъявленный идентификатор
D:\APC\!Lab\Lab2\2\2\2.cpp(59,13): error C2065: ecx: необъявленный идентификатор
D:\APC\!Lab\Lab2\2\2\2.cpp(60,4): error C2146: синтаксическая ошибка: отсутствие ";" перед идентификатором "loop2"
D:\APC\!Lab\Lab2\2\2\2.cpp(61,4): error C2065: movsx: необъявленный идентификатор
D:\APC\!Lab\Lab2\2\2\2.cpp(61,10): error C2146: синтаксическая ошибка: отсутствие ";" перед идентификатором "eax"
D:\APC\!Lab\Lab2\2\2\2.cpp(61,10): error C2065: eax: необъявленный идентификатор
D:\APC\!Lab\Lab2\2\2\2.cpp(61,19): error C2065: esi: необъявленный идентификатор
D:\APC\!Lab\Lab2\2\2\2.cpp(62,5): error C2146: синтаксическая ошибка: отсутствие ";" перед идентификатором "mov"
D:\APC\!Lab\Lab2\2\2\2.cpp(62,5): error C2065: mov: необъявленный идентификатор
D:\APC\!Lab\Lab2\2\2\2.cpp(62,9): error C2146: синтаксическая ошибка: отсутствие ";" перед идентификатором "ms2"
D:\APC\!Lab\Lab2\2\2\2.cpp(62,13): error C2065: esi: необъявленный идентификатор
D:\APC\!Lab\Lab2\2\2\2.cpp(62,19): error C2065: eax: необъявленный идентификатор
D:\APC\!Lab\Lab2\2\2\2.cpp(63,5): error C2146: синтаксическая ошибка: отсутствие ";" перед идентификатором "add"
D:\APC\!Lab\Lab2\2\2\2.cpp(63,5): error C2065: add: необъявленный идентификатор
D:\APC\!Lab\Lab2\2\2\2.cpp(63,9): error C2146: синтаксическая ошибка: отсутствие ";" перед идентификатором "cx"
D:\APC\!Lab\Lab2\2\2\2.cpp(63,9): error C2065: cx: необъявленный идентификатор
D:\APC\!Lab\Lab2\2\2\2.cpp(63,13): error C2065: ax: необъявленный идентификатор
D:\APC\!Lab\Lab2\2\2\2.cpp(64,5): error C2146: синтаксическая ошибка: отсутствие ";" перед идентификатором "add"
D:\APC\!Lab\Lab2\2\2\2.cpp(64,5): error C2065: add: необъявленный идентификатор
D:\APC\!Lab\Lab2\2\2\2.cpp(64,9): error C2146: синтаксическая ошибка: отсутствие ";" перед идентификатором "esi"
D:\APC\!Lab\Lab2\2\2\2.cpp(64,9): error C2065: esi: необъявленный идентификатор
D:\APC\!Lab\Lab2\2\2\2.cpp(65,5): error C2146: синтаксическая ошибка: отсутствие ";" перед идентификатором "sub"
D:\APC\!Lab\Lab2\2\2\2.cpp(65,5): error C2065: sub: необъявленный идентификатор
D:\APC\!Lab\Lab2\2\2\2.cpp(65,9): error C2146: синтаксическая ошибка: отсутствие ";" перед идентификатором "cnt"
D:\APC\!Lab\Lab2\2\2\2.cpp(66,5): error C2146: синтаксическая ошибка: отсутствие ";" перед идентификатором "jnz"
D:\APC\!Lab\Lab2\2\2\2.cpp(66,5): error C2065: jnz: необъявленный идентификатор
D:\APC\!Lab\Lab2\2\2\2.cpp(66,9): error C2146: синтаксическая ошибка: отсутствие ";" перед идентификатором "loop2"
D:\APC\!Lab\Lab2\2\2\2.cpp(66,9): error C2065: loop2: необъявленный идентификатор
D:\APC\!Lab\Lab2\2\2\2.cpp(67,5): error C2146: синтаксическая ошибка: отсутствие ";" перед идентификатором "pop"
D:\APC\!Lab\Lab2\2\2\2.cpp(67,5): error C2065: pop: необъявленный идентификатор
D:\APC\!Lab\Lab2\2\2\2.cpp(67,9): error C2146: синтаксическая ошибка: отсутствие ";" перед идентификатором "esi"
D:\APC\!Lab\Lab2\2\2\2.cpp(67,9): error C2065: esi: необъявленный идентификатор
D:\APC\!Lab\Lab2\2\2\2.cpp(68,5): error C2146: синтаксическая ошибка: отсутствие ";" перед идентификатором "pop"
D:\APC\!Lab\Lab2\2\2\2.cpp(68,5): error C2065: pop: необъявленный идентификатор
D:\APC\!Lab\Lab2\2\2\2.cpp(68,9): error C2146: синтаксическая ошибка: отсутствие ";" перед идентификатором "ecx"
D:\APC\!Lab\Lab2\2\2\2.cpp(68,9): error C2065: ecx: необъявленный идентификатор
D:\APC\!Lab\Lab2\2\2\2.cpp(69,5): error C2146: синтаксическая ошибка: отсутствие ";" перед идентификатором "pop"
D:\APC\!Lab\Lab2\2\2\2.cpp(69,5): error C2065: pop: необъявленный идентификатор
D:\APC\!Lab\Lab2\2\2\2.cpp(69,9): error C2146: синтаксическая ошибка: отсутствие ";" перед идентификатором "eax"
D:\APC\!Lab\Lab2\2\2\2.cpp(69,9): error C2065: eax: необъявленный идентификатор
D:\APC\!Lab\Lab2\2\2\2.cpp(70,3): error C2143: синтаксическая ошибка: отсутствие ";" перед "}"
D:\APC\!Lab\Lab2\2\2\2.cpp(93,3): error C4235: использовано нестандартное расширение: ключевое слово "__asm" данной архитектурой не поддерживается
D:\APC\!Lab\Lab2\2\2\2.cpp(95,4): error C2065: push: необъявленный идентификатор
D:\APC\!Lab\Lab2\2\2\2.cpp(95,9): error C2146: синтаксическая ошибка: отсутствие ";" перед идентификатором "esi"
D:\APC\!Lab\Lab2\2\2\2.cpp(95,9): error C2065: esi: необъявленный идентификатор
D:\APC\!Lab\Lab2\2\2\2.cpp(96,4): error C2146: синтаксическая ошибка: отсутствие ";" перед идентификатором "push"
D:\APC\!Lab\Lab2\2\2\2.cpp(96,4): error C2065: push: необъявленный идентификатор
D:\APC\!Lab\Lab2\2\2\2.cpp(96,9): error C2146: синтаксическая ошибка: отсутствие ";" перед идентификатором "edi"
D:\APC\!Lab\Lab2\2\2\2.cpp(96,9): error C2065: edi: необъявленный идентификатор
D:\APC\!Lab\Lab2\2\2\2.cpp(97,4): error C2146: синтаксическая ошибка: отсутствие ";" перед идентификатором "mov"
D:\APC\!Lab\Lab2\2\2\2.cpp(97,4): error C2065: mov: необъявленный идентификатор
D:\APC\!Lab\Lab2\2\2\2.cpp(97,8): error C2146: синтаксическая ошибка: отсутствие ";" перед идентификатором "ecx"
D:\APC\!Lab\Lab2\2\2\2.cpp(97,8): error C2065: ecx: необъявленный идентификатор
D:\APC\!Lab\Lab2\2\2\2.cpp(98,4): error C2760: синтаксическая ошибка: непредвиденный элемент "lea". Ожидается "{"
D:\APC\!Lab\Lab2\2\2\2.cpp(98,8): error C2065: esi: необъявленный идентификатор
D:\APC\!Lab\Lab2\2\2\2.cpp(98,18): error C2760: синтаксическая ошибка: непредвиденный элемент "+". Ожидается ","
D:\APC\!Lab\Lab2\2\2\2.cpp(98,20): error C2065: ecx: необъявленный идентификатор
D:\APC\!Lab\Lab2\2\2\2.cpp(98,27): error C2059: синтаксическая ошибка: ]
